2020-12-11 18:35:57 [ThreadId 19] ERROR phoityne - "error: Variable not in scope: path"
2020-12-11 18:35:59 [ThreadId 19] ERROR phoityne - "error: Variable not in scope: path"
2020-12-11 18:36:05 [ThreadId 19] ERROR phoityne - "error: Variable not in scope: path"
2020-12-11 18:36:07 [ThreadId 19] ERROR phoityne - "error: Variable not in scope: path"
2020-12-11 18:36:08 [ThreadId 19] ERROR phoityne - "error: Variable not in scope: path"
2020-12-11 18:36:10 [ThreadId 19] ERROR phoityne - "error: Variable not in scope: path"
2020-12-11 18:36:11 [ThreadId 19] ERROR phoityne - "error: Variable not in scope: path"
2020-12-11 18:36:12 [ThreadId 19] ERROR phoityne - "error: Variable not in scope: path"
2020-12-11 18:36:24 [ThreadId 19] ERROR phoityne - "error: Variable not in scope: path"
2020-12-11 18:36:26 [ThreadId 19] ERROR phoityne - "error: Variable not in scope: path"
2020-12-11 18:36:32 [ThreadId 19] ERROR phoityne - "error: Variable not in scope: path"
2020-12-11 18:36:35 [ThreadId 19] ERROR phoityne - "error: Variable not in scope: path"
2020-12-11 18:36:42 [ThreadId 19] ERROR phoityne - "error: Variable not in scope: i"
2020-12-11 18:37:02 [ThreadId 19] ERROR phoityne - "error: Variable not in scope: path"
2020-12-11 18:37:13 [ThreadId 19] ERROR phoityne - "error: Variable not in scope: path"
2020-12-11 18:37:26 [ThreadId 19] ERROR phoityne - "error: Variable not in scope: path"
2020-12-11 18:37:36 [ThreadId 19] ERROR phoityne - "error: Variable not in scope: path"
2020-12-11 18:37:41 [ThreadId 19] ERROR phoityne - "error: Variable not in scope: path"
2020-12-11 18:43:03 [ThreadId 19] ERROR phoityne - "\"extractSourcePosition\" (line 2, column 6):\nunexpected end of input\nexpecting \"Stopped at \" or \"Stopped in \" [INPUT]Right (IntValue 2)\nH>>= "
2020-12-11 18:43:14 [ThreadId 19] ERROR phoityne - "error: Variable not in scope: code"
2020-12-11 18:43:19 [ThreadId 19] ERROR phoityne - "error: Variable not in scope: path"
2020-12-11 18:43:25 [ThreadId 19] ERROR phoityne - "error: Variable not in scope: path"
2020-12-11 18:43:26 [ThreadId 19] ERROR phoityne - "error: Variable not in scope: path"
2020-12-11 18:43:28 [ThreadId 19] ERROR phoityne - "error: Variable not in scope: path"
2020-12-11 18:43:29 [ThreadId 19] ERROR phoityne - "error: Variable not in scope: path"
2020-12-11 18:43:29 [ThreadId 19] ERROR phoityne - "error: Variable not in scope: path"
2020-12-11 18:43:30 [ThreadId 19] ERROR phoityne - "error: Variable not in scope: path"
2020-12-11 18:43:33 [ThreadId 19] ERROR phoityne - [proceedDebug] invalid break point status. SourcePosition {filePathSourcePosition = "/home/izpc/workspace/simple-lisp-interpreter/src/Interpreter.hs", startLineNoSourcePosition = 51, startColNoSourcePosition = 17, endLineNoSourcePosition = 51, endColNoSourcePosition = 38}
2020-12-11 18:43:43 [ThreadId 19] ERROR phoityne - [proceedDebug] invalid break point status. SourcePosition {filePathSourcePosition = "/home/izpc/workspace/simple-lisp-interpreter/src/Interpreter.hs", startLineNoSourcePosition = 51, startColNoSourcePosition = 17, endLineNoSourcePosition = 51, endColNoSourcePosition = 38}
2020-12-11 18:44:01 [ThreadId 19] ERROR phoityne - [proceedDebug] invalid break point status. SourcePosition {filePathSourcePosition = "/home/izpc/workspace/simple-lisp-interpreter/src/Interpreter.hs", startLineNoSourcePosition = 51, startColNoSourcePosition = 17, endLineNoSourcePosition = 51, endColNoSourcePosition = 38}
2020-12-11 18:44:09 [ThreadId 19] ERROR phoityne - [proceedDebug] invalid break point status. SourcePosition {filePathSourcePosition = "/home/izpc/workspace/simple-lisp-interpreter/src/Interpreter.hs", startLineNoSourcePosition = 51, startColNoSourcePosition = 17, endLineNoSourcePosition = 51, endColNoSourcePosition = 38}
2020-12-11 18:44:43 [ThreadId 19] ERROR phoityne - [proceedDebug] invalid break point status. SourcePosition {filePathSourcePosition = "/home/izpc/workspace/simple-lisp-interpreter/src/Interpreter.hs", startLineNoSourcePosition = 51, startColNoSourcePosition = 17, endLineNoSourcePosition = 51, endColNoSourcePosition = 38}
2020-12-11 18:45:19 [ThreadId 19] ERROR phoityne - "error: Variable not in scope: path"
2020-12-11 18:45:21 [ThreadId 19] ERROR phoityne - "error: Variable not in scope: path"
2020-12-11 18:45:23 [ThreadId 19] ERROR phoityne - "error: Variable not in scope: path"
2020-12-11 18:45:24 [ThreadId 19] ERROR phoityne - "error: Variable not in scope: path"
2020-12-11 18:45:26 [ThreadId 19] ERROR phoityne - "error: Variable not in scope: path"
2020-12-11 18:45:49 [ThreadId 19] ERROR phoityne - "error: Variable not in scope: path"
2020-12-11 18:45:52 [ThreadId 19] ERROR phoityne - "error: Variable not in scope: path"
2020-12-11 18:45:57 [ThreadId 19] ERROR phoityne - "error: Variable not in scope: path"
2020-12-11 18:46:05 [ThreadId 19] ERROR phoityne - "error: Variable not in scope: path"
2020-12-11 18:46:12 [ThreadId 19] ERROR phoityne - "error: Variable not in scope: path"
2020-12-11 18:46:15 [ThreadId 19] ERROR phoityne - "error: Variable not in scope: path"
2020-12-11 18:46:20 [ThreadId 19] ERROR phoityne - "error: Variable not in scope: path"
2020-12-11 18:46:29 [ThreadId 19] ERROR phoityne - "error: Variable not in scope: path"
2020-12-11 18:46:29 [ThreadId 19] ERROR phoityne - "error: Variable not in scope: name"
2020-12-11 18:46:29 [ThreadId 19] ERROR phoityne - "error: Variable not in scope: f"
2020-12-11 18:46:34 [ThreadId 19] ERROR phoityne - "error: Variable not in scope: path"
2020-12-11 18:46:34 [ThreadId 19] ERROR phoityne - "error: Variable not in scope: name"
2020-12-11 18:46:34 [ThreadId 19] ERROR phoityne - "error: Variable not in scope: f"
2020-12-11 18:46:43 [ThreadId 19] ERROR phoityne - "error: Variable not in scope: path"
2020-12-11 18:46:43 [ThreadId 19] ERROR phoityne - "error: Variable not in scope: name"
2020-12-11 18:46:43 [ThreadId 19] ERROR phoityne - "error: Variable not in scope: f"
2020-12-11 18:47:13 [ThreadId 19] ERROR phoityne - "error: Variable not in scope: path"
2020-12-11 18:47:13 [ThreadId 19] ERROR phoityne - "error: Variable not in scope: name"
2020-12-11 18:47:13 [ThreadId 19] ERROR phoityne - "error: \8226 Variable not in scope: expr \8226 Perhaps you meant \8216exp\8217 (imported from Prelude)"
2020-12-11 18:47:46 [ThreadId 19] ERROR phoityne - "error: Variable not in scope: path"
2020-12-11 18:47:46 [ThreadId 19] ERROR phoityne - "error: Variable not in scope: name"
2020-12-11 18:47:46 [ThreadId 19] ERROR phoityne - "error: Variable not in scope: f"
2020-12-11 18:47:57 [ThreadId 19] ERROR phoityne - "error: Variable not in scope: path"
2020-12-11 18:47:57 [ThreadId 19] ERROR phoityne - "error: Variable not in scope: name"
2020-12-11 18:47:57 [ThreadId 19] ERROR phoityne - "error: Variable not in scope: f"
2020-12-11 19:01:33 [ThreadId 19] ERROR phoityne - "error: Variable not in scope: path"
2020-12-11 19:01:33 [ThreadId 19] ERROR phoityne - "error: Variable not in scope: name"
2020-12-11 19:01:33 [ThreadId 19] ERROR phoityne - "error: Variable not in scope: f"
2020-12-11 19:02:40 [ThreadId 19] ERROR phoityne - "error: Variable not in scope: path"
2020-12-11 19:02:40 [ThreadId 19] ERROR phoityne - "error: Variable not in scope: name"
2020-12-11 19:02:40 [ThreadId 19] ERROR phoityne - "error: Variable not in scope: f"
2020-12-11 19:02:40 [ThreadId 19] ERROR phoityne - "error: \8226 Variable not in scope: expr \8226 Perhaps you meant \8216exp\8217 (imported from Prelude)"
2020-12-11 19:02:46 [ThreadId 19] ERROR phoityne - "error: parse error on input \8216->\8217"
2020-12-11 19:02:47 [ThreadId 19] ERROR phoityne - "error: lexical error in string/character literal at end of input"
2020-12-11 19:02:56 [ThreadId 19] ERROR phoityne - "error: parse error (possibly incorrect indentation or mismatched brackets)"
2020-12-11 19:02:58 [ThreadId 19] ERROR phoityne - "error: Variable not in scope: path"
2020-12-11 19:02:58 [ThreadId 19] ERROR phoityne - "error: Variable not in scope: name"
2020-12-11 19:02:58 [ThreadId 19] ERROR phoityne - "error: Variable not in scope: f"
2020-12-11 19:02:58 [ThreadId 19] ERROR phoityne - "error: \8226 Variable not in scope: expr \8226 Perhaps you meant \8216exp\8217 (imported from Prelude)"
2020-12-11 19:02:59 [ThreadId 19] ERROR phoityne - "error: Variable not in scope: path"
2020-12-11 19:02:59 [ThreadId 19] ERROR phoityne - "error: Variable not in scope: name"
2020-12-11 19:02:59 [ThreadId 19] ERROR phoityne - "error: Variable not in scope: f"
2020-12-11 19:02:59 [ThreadId 19] ERROR phoityne - "error: \8226 Variable not in scope: expr \8226 Perhaps you meant \8216exp\8217 (imported from Prelude)"
2020-12-11 19:02:59 [ThreadId 19] ERROR phoityne - "error: \8226 Variable not in scope: env \8226 Perhaps you meant \8216end\8217 (imported from ParserUtils)"
2020-12-11 19:03:05 [ThreadId 19] ERROR phoityne - "error: Variable not in scope: path"
2020-12-11 19:03:05 [ThreadId 19] ERROR phoityne - "error: Variable not in scope: name"
2020-12-11 19:03:05 [ThreadId 19] ERROR phoityne - "error: Variable not in scope: f"
2020-12-11 19:03:05 [ThreadId 19] ERROR phoityne - "error: \8226 Variable not in scope: expr \8226 Perhaps you meant \8216exp\8217 (imported from Prelude)"
2020-12-11 19:03:05 [ThreadId 19] ERROR phoityne - "error: \8226 Variable not in scope: env \8226 Perhaps you meant \8216end\8217 (imported from ParserUtils)"
2020-12-11 19:03:23 [ThreadId 19] ERROR phoityne - "error: Variable not in scope: path"
2020-12-11 19:03:23 [ThreadId 19] ERROR phoityne - "error: Variable not in scope: name"
2020-12-11 19:03:23 [ThreadId 19] ERROR phoityne - "error: Variable not in scope: f"
2020-12-11 19:03:23 [ThreadId 19] ERROR phoityne - "error: Variable not in scope: contextVal"
2020-12-11 19:04:12 [ThreadId 19] ERROR phoityne - "error: Variable not in scope: path"
2020-12-11 19:04:12 [ThreadId 19] ERROR phoityne - "error: Variable not in scope: name"
2020-12-11 19:04:12 [ThreadId 19] ERROR phoityne - "error: Variable not in scope: f"
2020-12-11 19:04:12 [ThreadId 19] ERROR phoityne - "error: \8226 Variable not in scope: env \8226 Perhaps you meant \8216end\8217 (imported from ParserUtils)"
2020-12-11 19:04:12 [ThreadId 19] ERROR phoityne - "error: Variable not in scope: contextVal"
2020-12-11 19:04:15 [ThreadId 19] ERROR phoityne - "error: Variable not in scope: path"
2020-12-11 19:04:15 [ThreadId 19] ERROR phoityne - "error: \8226 Variable not in scope: expr \8226 Perhaps you meant \8216exp\8217 (imported from Prelude)"
2020-12-11 19:04:15 [ThreadId 19] ERROR phoityne - "error: Variable not in scope: contextVal"
2020-12-11 19:04:29 [ThreadId 19] ERROR phoityne - "error: Variable not in scope: path"
2020-12-11 19:04:29 [ThreadId 19] ERROR phoityne - "error: Variable not in scope: name"
2020-12-11 19:04:29 [ThreadId 19] ERROR phoityne - "error: Variable not in scope: f"
2020-12-11 19:04:29 [ThreadId 19] ERROR phoityne - "error: Variable not in scope: contextVal"
2020-12-11 19:04:47 [ThreadId 19] ERROR phoityne - "error: Variable not in scope: path"
2020-12-11 19:04:47 [ThreadId 19] ERROR phoityne - "error: Variable not in scope: name"
2020-12-11 19:04:47 [ThreadId 19] ERROR phoityne - "error: Variable not in scope: f"
2020-12-11 19:04:47 [ThreadId 19] ERROR phoityne - "error: \8226 Variable not in scope: expr \8226 Perhaps you meant \8216exp\8217 (imported from Prelude)"
2020-12-11 19:04:47 [ThreadId 19] ERROR phoityne - "error: Variable not in scope: contextVal"
2020-12-11 19:04:50 [ThreadId 19] ERROR phoityne - "error: Variable not in scope: path"
2020-12-11 19:04:50 [ThreadId 19] ERROR phoityne - "error: Variable not in scope: name"
2020-12-11 19:04:50 [ThreadId 19] ERROR phoityne - "error: Variable not in scope: f"
2020-12-11 19:04:50 [ThreadId 19] ERROR phoityne - "error: \8226 Variable not in scope: expr \8226 Perhaps you meant \8216exp\8217 (imported from Prelude)"
2020-12-11 19:04:50 [ThreadId 19] ERROR phoityne - "error: Variable not in scope: contextVal"
2020-12-11 19:04:50 [ThreadId 19] ERROR phoityne - "error: Variable not in scope: path"
2020-12-11 19:04:50 [ThreadId 19] ERROR phoityne - "error: Variable not in scope: name"
2020-12-11 19:04:50 [ThreadId 19] ERROR phoityne - "error: Variable not in scope: f"
2020-12-11 19:04:50 [ThreadId 19] ERROR phoityne - "error: \8226 Variable not in scope: expr \8226 Perhaps you meant \8216exp\8217 (imported from Prelude)"
2020-12-11 19:04:50 [ThreadId 19] ERROR phoityne - "error: \8226 Variable not in scope: env \8226 Perhaps you meant \8216end\8217 (imported from ParserUtils)"
2020-12-11 19:04:52 [ThreadId 19] ERROR phoityne - "error: Variable not in scope: path"
2020-12-11 19:04:52 [ThreadId 19] ERROR phoityne - "error: Variable not in scope: name"
2020-12-11 19:04:52 [ThreadId 19] ERROR phoityne - "error: \8226 Variable not in scope: expr \8226 Perhaps you meant \8216exp\8217 (imported from Prelude)"
2020-12-11 19:04:52 [ThreadId 19] ERROR phoityne - "error: Variable not in scope: contextVal"
2020-12-11 19:05:00 [ThreadId 19] ERROR phoityne - "error: Variable not in scope: path"
2020-12-11 19:05:00 [ThreadId 19] ERROR phoityne - "error: Variable not in scope: name"
2020-12-11 19:05:00 [ThreadId 19] ERROR phoityne - "error: Variable not in scope: f"
2020-12-11 19:05:00 [ThreadId 19] ERROR phoityne - "error: \8226 Variable not in scope: expr \8226 Perhaps you meant \8216exp\8217 (imported from Prelude)"
2020-12-11 19:05:00 [ThreadId 19] ERROR phoityne - "error: Variable not in scope: contextVal"
2020-12-11 19:05:06 [ThreadId 19] ERROR phoityne - "error: Variable not in scope: path"
2020-12-11 19:05:06 [ThreadId 19] ERROR phoityne - "error: Variable not in scope: name"
2020-12-11 19:05:06 [ThreadId 19] ERROR phoityne - "error: Variable not in scope: f"
2020-12-11 19:05:06 [ThreadId 19] ERROR phoityne - "error: \8226 Variable not in scope: expr \8226 Perhaps you meant \8216exp\8217 (imported from Prelude)"
2020-12-11 19:05:06 [ThreadId 19] ERROR phoityne - "error: Variable not in scope: contextVal"
2020-12-11 19:05:06 [ThreadId 19] ERROR phoityne - "error: Variable not in scope: path"
2020-12-11 19:05:06 [ThreadId 19] ERROR phoityne - "error: Variable not in scope: name"
2020-12-11 19:05:06 [ThreadId 19] ERROR phoityne - "error: Variable not in scope: f"
2020-12-11 19:05:06 [ThreadId 19] ERROR phoityne - "error: \8226 Variable not in scope: expr \8226 Perhaps you meant \8216exp\8217 (imported from Prelude)"
2020-12-11 19:05:06 [ThreadId 19] ERROR phoityne - "error: Variable not in scope: contextVal"
2020-12-11 19:05:10 [ThreadId 19] ERROR phoityne - "error: Variable not in scope: path"
2020-12-11 19:05:10 [ThreadId 19] ERROR phoityne - "error: Variable not in scope: name"
2020-12-11 19:05:10 [ThreadId 19] ERROR phoityne - "error: Variable not in scope: f"
2020-12-11 19:05:10 [ThreadId 19] ERROR phoityne - "error: \8226 Variable not in scope: expr \8226 Perhaps you meant \8216exp\8217 (imported from Prelude)"
2020-12-11 19:05:10 [ThreadId 19] ERROR phoityne - "error: Variable not in scope: contextVal"
2020-12-11 19:05:11 [ThreadId 19] ERROR phoityne - "error: Variable not in scope: path"
2020-12-11 19:05:11 [ThreadId 19] ERROR phoityne - "error: Variable not in scope: name"
2020-12-11 19:05:11 [ThreadId 19] ERROR phoityne - "error: Variable not in scope: f"
2020-12-11 19:05:11 [ThreadId 19] ERROR phoityne - "error: \8226 Variable not in scope: expr \8226 Perhaps you meant \8216exp\8217 (imported from Prelude)"
2020-12-11 19:05:12 [ThreadId 19] ERROR phoityne - "error: Variable not in scope: path"
2020-12-11 19:05:12 [ThreadId 19] ERROR phoityne - "error: Variable not in scope: name"
2020-12-11 19:05:12 [ThreadId 19] ERROR phoityne - "error: Variable not in scope: f"
2020-12-11 19:05:12 [ThreadId 19] ERROR phoityne - "error: Variable not in scope: contextVal"
2020-12-11 19:05:15 [ThreadId 19] ERROR phoityne - "error: Variable not in scope: path"
2020-12-11 19:05:15 [ThreadId 19] ERROR phoityne - "error: Variable not in scope: name"
2020-12-11 19:05:15 [ThreadId 19] ERROR phoityne - "error: Variable not in scope: f"
2020-12-11 19:05:15 [ThreadId 19] ERROR phoityne - "error: \8226 Variable not in scope: expr \8226 Perhaps you meant \8216exp\8217 (imported from Prelude)"
2020-12-11 19:05:15 [ThreadId 19] ERROR phoityne - "error: \8226 Variable not in scope: env \8226 Perhaps you meant \8216end\8217 (imported from ParserUtils)"
2020-12-11 19:05:15 [ThreadId 19] ERROR phoityne - "error: Variable not in scope: contextVal"
2020-12-11 19:05:16 [ThreadId 19] ERROR phoityne - "error: Variable not in scope: path"
2020-12-11 19:05:16 [ThreadId 19] ERROR phoityne - "error: Variable not in scope: name"
2020-12-11 19:05:16 [ThreadId 19] ERROR phoityne - "error: Variable not in scope: f"
2020-12-11 19:05:16 [ThreadId 19] ERROR phoityne - "error: \8226 Variable not in scope: expr \8226 Perhaps you meant \8216exp\8217 (imported from Prelude)"
2020-12-11 19:05:16 [ThreadId 19] ERROR phoityne - "error: Variable not in scope: contextVal"
2020-12-11 19:05:18 [ThreadId 19] ERROR phoityne - "error: Variable not in scope: a"
2020-12-11 19:05:22 [ThreadId 19] ERROR phoityne - "error: Variable not in scope: path"
2020-12-11 19:05:22 [ThreadId 19] ERROR phoityne - "error: Variable not in scope: name"
2020-12-11 19:05:22 [ThreadId 19] ERROR phoityne - "error: Variable not in scope: f"
2020-12-11 19:05:22 [ThreadId 19] ERROR phoityne - "error: \8226 Variable not in scope: expr \8226 Perhaps you meant \8216exp\8217 (imported from Prelude)"
2020-12-11 19:05:22 [ThreadId 19] ERROR phoityne - "error: Variable not in scope: contextVal"
2020-12-11 19:05:22 [ThreadId 19] ERROR phoityne - "error: Variable not in scope: \1072"
2020-12-11 19:05:36 [ThreadId 19] ERROR phoityne - "error: Variable not in scope: path"
2020-12-11 19:05:36 [ThreadId 19] ERROR phoityne - "error: Variable not in scope: name"
2020-12-11 19:05:36 [ThreadId 19] ERROR phoityne - "error: Variable not in scope: f"
2020-12-11 19:05:36 [ThreadId 19] ERROR phoityne - "error: \8226 Variable not in scope: expr \8226 Perhaps you meant \8216exp\8217 (imported from Prelude)"
2020-12-11 19:05:36 [ThreadId 19] ERROR phoityne - "error: Variable not in scope: contextVal"
2020-12-11 19:05:36 [ThreadId 19] ERROR phoityne - "error: Variable not in scope: \1072"
2020-12-11 19:05:37 [ThreadId 19] ERROR phoityne - "error: Variable not in scope: path"
2020-12-11 19:05:37 [ThreadId 19] ERROR phoityne - "error: Variable not in scope: name"
2020-12-11 19:05:37 [ThreadId 19] ERROR phoityne - "error: Variable not in scope: f"
2020-12-11 19:05:37 [ThreadId 19] ERROR phoityne - "error: \8226 Variable not in scope: expr \8226 Perhaps you meant \8216exp\8217 (imported from Prelude)"
2020-12-11 19:05:37 [ThreadId 19] ERROR phoityne - "error: Variable not in scope: contextVal"
2020-12-11 19:05:37 [ThreadId 19] ERROR phoityne - "error: Variable not in scope: \1072"
2020-12-11 19:05:38 [ThreadId 19] ERROR phoityne - "error: Variable not in scope: path"
2020-12-11 19:05:38 [ThreadId 19] ERROR phoityne - "error: Variable not in scope: name"
2020-12-11 19:05:38 [ThreadId 19] ERROR phoityne - "error: Variable not in scope: f"
2020-12-11 19:05:38 [ThreadId 19] ERROR phoityne - "error: \8226 Variable not in scope: expr \8226 Perhaps you meant \8216exp\8217 (imported from Prelude)"
2020-12-11 19:05:38 [ThreadId 19] ERROR phoityne - "error: Variable not in scope: \1072"
2020-12-11 19:05:38 [ThreadId 19] ERROR phoityne - "error: Variable not in scope: path"
2020-12-11 19:05:38 [ThreadId 19] ERROR phoityne - "error: Variable not in scope: name"
2020-12-11 19:05:38 [ThreadId 19] ERROR phoityne - "error: Variable not in scope: f"
2020-12-11 19:05:38 [ThreadId 19] ERROR phoityne - "error: Variable not in scope: contextVal"
2020-12-11 19:05:38 [ThreadId 19] ERROR phoityne - "error: Variable not in scope: \1072"
2020-12-11 19:05:39 [ThreadId 19] ERROR phoityne - "error: Variable not in scope: path"
2020-12-11 19:05:39 [ThreadId 19] ERROR phoityne - "error: Variable not in scope: name"
2020-12-11 19:05:39 [ThreadId 19] ERROR phoityne - "error: Variable not in scope: f"
2020-12-11 19:05:39 [ThreadId 19] ERROR phoityne - "error: \8226 Variable not in scope: expr \8226 Perhaps you meant \8216exp\8217 (imported from Prelude)"
2020-12-11 19:05:39 [ThreadId 19] ERROR phoityne - "error: Variable not in scope: contextVal"
2020-12-11 19:05:39 [ThreadId 19] ERROR phoityne - "error: Variable not in scope: \1072"
2020-12-11 19:05:41 [ThreadId 19] ERROR phoityne - "error: Variable not in scope: path"
2020-12-11 19:05:41 [ThreadId 19] ERROR phoityne - "error: Variable not in scope: name"
2020-12-11 19:05:41 [ThreadId 19] ERROR phoityne - "error: Variable not in scope: f"
2020-12-11 19:05:41 [ThreadId 19] ERROR phoityne - "error: \8226 Variable not in scope: expr \8226 Perhaps you meant \8216exp\8217 (imported from Prelude)"
2020-12-11 19:05:41 [ThreadId 19] ERROR phoityne - "error: Variable not in scope: contextVal"
2020-12-11 19:05:41 [ThreadId 19] ERROR phoityne - "error: Variable not in scope: \1072"
2020-12-11 19:05:44 [ThreadId 19] ERROR phoityne - "error: Variable not in scope: path"
2020-12-11 19:05:44 [ThreadId 19] ERROR phoityne - "error: Variable not in scope: name"
2020-12-11 19:05:44 [ThreadId 19] ERROR phoityne - "error: Variable not in scope: f"
2020-12-11 19:05:44 [ThreadId 19] ERROR phoityne - "error: \8226 Variable not in scope: expr \8226 Perhaps you meant \8216exp\8217 (imported from Prelude)"
2020-12-11 19:05:44 [ThreadId 19] ERROR phoityne - "error: Variable not in scope: contextVal"
2020-12-11 19:05:44 [ThreadId 19] ERROR phoityne - "error: Variable not in scope: \1072"
2020-12-11 19:05:45 [ThreadId 19] ERROR phoityne - "error: Variable not in scope: path"
2020-12-11 19:05:45 [ThreadId 19] ERROR phoityne - "error: Variable not in scope: name"
2020-12-11 19:05:45 [ThreadId 19] ERROR phoityne - "error: Variable not in scope: f"
2020-12-11 19:05:45 [ThreadId 19] ERROR phoityne - "error: \8226 Variable not in scope: expr \8226 Perhaps you meant \8216exp\8217 (imported from Prelude)"
2020-12-11 19:05:45 [ThreadId 19] ERROR phoityne - "error: Variable not in scope: \1072"
2020-12-11 19:05:47 [ThreadId 19] ERROR phoityne - "error: Variable not in scope: path"
2020-12-11 19:05:47 [ThreadId 19] ERROR phoityne - "error: Variable not in scope: name"
2020-12-11 19:05:47 [ThreadId 19] ERROR phoityne - "error: Variable not in scope: f"
2020-12-11 19:05:47 [ThreadId 19] ERROR phoityne - "error: Variable not in scope: contextVal"
2020-12-11 19:05:47 [ThreadId 19] ERROR phoityne - "error: Variable not in scope: \1072"
2020-12-11 19:05:51 [ThreadId 19] ERROR phoityne - "error: Variable not in scope: path"
2020-12-11 19:05:51 [ThreadId 19] ERROR phoityne - "error: Variable not in scope: name"
2020-12-11 19:05:51 [ThreadId 19] ERROR phoityne - "error: Variable not in scope: f"
2020-12-11 19:05:51 [ThreadId 19] ERROR phoityne - "error: \8226 Variable not in scope: expr \8226 Perhaps you meant \8216exp\8217 (imported from Prelude)"
2020-12-11 19:05:51 [ThreadId 19] ERROR phoityne - "error: \8226 Variable not in scope: env \8226 Perhaps you meant \8216end\8217 (imported from ParserUtils)"
2020-12-11 19:05:51 [ThreadId 19] ERROR phoityne - "error: Variable not in scope: contextVal"
2020-12-11 19:05:51 [ThreadId 19] ERROR phoityne - "error: Variable not in scope: \1072"
2020-12-11 19:06:07 [ThreadId 19] ERROR phoityne - "error: Variable not in scope: path"
2020-12-11 19:06:07 [ThreadId 19] ERROR phoityne - "error: Variable not in scope: name"
2020-12-11 19:06:07 [ThreadId 19] ERROR phoityne - "error: Variable not in scope: f"
2020-12-11 19:06:07 [ThreadId 19] ERROR phoityne - "error: \8226 Variable not in scope: expr \8226 Perhaps you meant \8216exp\8217 (imported from Prelude)"
2020-12-11 19:06:07 [ThreadId 19] ERROR phoityne - "error: \8226 Variable not in scope: env \8226 Perhaps you meant \8216end\8217 (imported from ParserUtils)"
2020-12-11 19:06:07 [ThreadId 19] ERROR phoityne - "error: Variable not in scope: contextVal"
2020-12-11 19:06:07 [ThreadId 19] ERROR phoityne - "error: Variable not in scope: \1072"
2020-12-11 19:06:22 [ThreadId 19] ERROR phoityne - "error: Variable not in scope: path"
2020-12-11 19:06:22 [ThreadId 19] ERROR phoityne - "error: Variable not in scope: name"
2020-12-11 19:06:22 [ThreadId 19] ERROR phoityne - "error: Variable not in scope: f"
2020-12-11 19:06:22 [ThreadId 19] ERROR phoityne - "error: \8226 Variable not in scope: expr \8226 Perhaps you meant \8216exp\8217 (imported from Prelude)"
2020-12-11 19:06:22 [ThreadId 19] ERROR phoityne - "error: \8226 Variable not in scope: env \8226 Perhaps you meant \8216end\8217 (imported from ParserUtils)"
2020-12-11 19:06:22 [ThreadId 19] ERROR phoityne - "error: Variable not in scope: contextVal"
2020-12-11 19:06:22 [ThreadId 19] ERROR phoityne - "error: Variable not in scope: \1072"
2020-12-11 19:06:22 [ThreadId 19] ERROR phoityne - "error: \8226 Variable not in scope: val \8226 Perhaps you meant \8216eval\8217 (line 42)"
2020-12-11 19:06:25 [ThreadId 19] ERROR phoityne - "error: Variable not in scope: path"
2020-12-11 19:06:25 [ThreadId 19] ERROR phoityne - "error: Variable not in scope: name"
2020-12-11 19:06:25 [ThreadId 19] ERROR phoityne - "error: Variable not in scope: f"
2020-12-11 19:06:25 [ThreadId 19] ERROR phoityne - "error: \8226 Variable not in scope: expr \8226 Perhaps you meant \8216exp\8217 (imported from Prelude)"
2020-12-11 19:06:25 [ThreadId 19] ERROR phoityne - "error: \8226 Variable not in scope: env \8226 Perhaps you meant \8216end\8217 (imported from ParserUtils)"
2020-12-11 19:06:25 [ThreadId 19] ERROR phoityne - "error: Variable not in scope: contextVal"
2020-12-11 19:06:25 [ThreadId 19] ERROR phoityne - "error: Variable not in scope: \1072"
2020-12-11 19:06:25 [ThreadId 19] ERROR phoityne - "error: \8226 Variable not in scope: val \8226 Perhaps you meant \8216eval\8217 (line 42)"
2020-12-11 19:06:28 [ThreadId 19] ERROR phoityne - "error: \8226 Found hole: _a :: t Where: \8216t\8217 is a rigid type variable bound by the inferred type of it :: t at <interactive>:1:1 Or perhaps \8216_a\8217 is mis-spelled, or not in scope \8226 In the expression: _a"
2020-12-11 19:06:32 [ThreadId 19] ERROR phoityne - "error: Variable not in scope: path"
2020-12-11 19:06:32 [ThreadId 19] ERROR phoityne - "error: Variable not in scope: name"
2020-12-11 19:06:32 [ThreadId 19] ERROR phoityne - "error: Variable not in scope: f"
2020-12-11 19:06:32 [ThreadId 19] ERROR phoityne - "error: \8226 Variable not in scope: expr \8226 Perhaps you meant \8216exp\8217 (imported from Prelude)"
2020-12-11 19:06:32 [ThreadId 19] ERROR phoityne - "error: \8226 Variable not in scope: env \8226 Perhaps you meant \8216end\8217 (imported from ParserUtils)"
2020-12-11 19:06:32 [ThreadId 19] ERROR phoityne - "error: Variable not in scope: contextVal"
2020-12-11 19:06:32 [ThreadId 19] ERROR phoityne - "error: Variable not in scope: \1072"
2020-12-11 19:06:32 [ThreadId 19] ERROR phoityne - "error: \8226 Variable not in scope: val \8226 Perhaps you meant \8216eval\8217 (line 42)"
2020-12-11 19:06:32 [ThreadId 19] ERROR phoityne - "error: \8226 Found hole: _a :: t Where: \8216t\8217 is a rigid type variable bound by the inferred type of it :: t at <interactive>:1:1 Or perhaps \8216_a\8217 is mis-spelled, or not in scope \8226 In the expression: _a"
2020-12-11 19:06:43 [ThreadId 19] ERROR phoityne - "error: \8226 Found hole: _a :: t Where: \8216t\8217 is a rigid type variable bound by the inferred type of it :: t at <interactive>:1:1 Or perhaps \8216_a\8217 is mis-spelled, or not in scope \8226 In the expression: _a"
2020-12-11 19:06:43 [ThreadId 19] ERROR phoityne - "error: \8226 Variable not in scope: op \8226 Perhaps you meant \8216or\8217 (imported from Prelude)"
2020-12-11 19:06:45 [ThreadId 19] ERROR phoityne - "error: \8226 Found hole: _a :: t Where: \8216t\8217 is a rigid type variable bound by the inferred type of it :: t at <interactive>:1:1 Or perhaps \8216_a\8217 is mis-spelled, or not in scope \8226 In the expression: _a"
2020-12-11 19:06:50 [ThreadId 19] ERROR phoityne - "error: Variable not in scope: path"
2020-12-11 19:06:50 [ThreadId 19] ERROR phoityne - "error: Variable not in scope: name"
2020-12-11 19:06:50 [ThreadId 19] ERROR phoityne - "error: Variable not in scope: f"
2020-12-11 19:06:50 [ThreadId 19] ERROR phoityne - "error: \8226 Variable not in scope: expr \8226 Perhaps you meant \8216exp\8217 (imported from Prelude)"
2020-12-11 19:06:50 [ThreadId 19] ERROR phoityne - "error: \8226 Variable not in scope: env \8226 Perhaps you meant \8216end\8217 (imported from ParserUtils)"
2020-12-11 19:06:50 [ThreadId 19] ERROR phoityne - "error: Variable not in scope: contextVal"
2020-12-11 19:06:50 [ThreadId 19] ERROR phoityne - "error: Variable not in scope: \1072"
2020-12-11 19:06:50 [ThreadId 19] ERROR phoityne - "error: \8226 Variable not in scope: val \8226 Perhaps you meant \8216eval\8217 (line 42)"
2020-12-11 19:06:57 [ThreadId 19] ERROR phoityne - "error: Variable not in scope: path"
2020-12-11 19:06:57 [ThreadId 19] ERROR phoityne - "error: Variable not in scope: name"
2020-12-11 19:06:57 [ThreadId 19] ERROR phoityne - "error: Variable not in scope: f"
2020-12-11 19:06:57 [ThreadId 19] ERROR phoityne - "error: \8226 Variable not in scope: expr \8226 Perhaps you meant \8216exp\8217 (imported from Prelude)"
2020-12-11 19:06:57 [ThreadId 19] ERROR phoityne - "error: \8226 Variable not in scope: env \8226 Perhaps you meant \8216end\8217 (imported from ParserUtils)"
2020-12-11 19:06:57 [ThreadId 19] ERROR phoityne - "error: Variable not in scope: contextVal"
2020-12-11 19:06:57 [ThreadId 19] ERROR phoityne - "error: Variable not in scope: \1072"
2020-12-11 19:06:57 [ThreadId 19] ERROR phoityne - "error: \8226 Variable not in scope: val \8226 Perhaps you meant \8216eval\8217 (line 42)"
2020-12-11 19:07:20 [ThreadId 19] ERROR phoityne - "\"extractSourcePosition\" (line 2, column 6):\nunexpected end of input\nexpecting \"Stopped at \" or \"Stopped in \" [INPUT]2)\nH>>= "
2020-12-11 19:07:33 [ThreadId 19] ERROR phoityne - "error: Variable not in scope: path"
2020-12-11 19:07:33 [ThreadId 19] ERROR phoityne - "error: Variable not in scope: name"
2020-12-11 19:07:33 [ThreadId 19] ERROR phoityne - "error: Variable not in scope: f"
2020-12-11 19:07:33 [ThreadId 19] ERROR phoityne - "error: \8226 Variable not in scope: expr \8226 Perhaps you meant \8216exp\8217 (imported from Prelude)"
2020-12-11 19:07:33 [ThreadId 19] ERROR phoityne - "error: \8226 Variable not in scope: env \8226 Perhaps you meant \8216end\8217 (imported from ParserUtils)"
2020-12-11 19:07:33 [ThreadId 19] ERROR phoityne - "error: Variable not in scope: contextVal"
2020-12-11 19:07:33 [ThreadId 19] ERROR phoityne - "error: Variable not in scope: \1072"
2020-12-11 19:07:33 [ThreadId 19] ERROR phoityne - "error: \8226 Variable not in scope: val \8226 Perhaps you meant \8216eval\8217 (line 42)"
2020-12-11 19:07:33 [ThreadId 19] ERROR phoityne - "error: \8226 Found hole: _a :: t Where: \8216t\8217 is a rigid type variable bound by the inferred type of it :: t at <interactive>:1:1 Or perhaps \8216_a\8217 is mis-spelled, or not in scope \8226 In the expression: _a"
2020-12-11 19:07:33 [ThreadId 19] ERROR phoityne - "error: \8226 Found hole: _b :: t Where: \8216t\8217 is a rigid type variable bound by the inferred type of it :: t at <interactive>:1:1 Or perhaps \8216_b\8217 is mis-spelled, or not in scope \8226 In the expression: _b"
2020-12-11 19:07:35 [ThreadId 19] ERROR phoityne - "error: Variable not in scope: path"
2020-12-11 19:07:35 [ThreadId 19] ERROR phoityne - "error: Variable not in scope: name"
2020-12-11 19:07:35 [ThreadId 19] ERROR phoityne - "error: Variable not in scope: f"
2020-12-11 19:07:35 [ThreadId 19] ERROR phoityne - "error: \8226 Variable not in scope: expr \8226 Perhaps you meant \8216exp\8217 (imported from Prelude)"
2020-12-11 19:07:35 [ThreadId 19] ERROR phoityne - "error: \8226 Variable not in scope: env \8226 Perhaps you meant \8216end\8217 (imported from ParserUtils)"
2020-12-11 19:07:35 [ThreadId 19] ERROR phoityne - "error: Variable not in scope: contextVal"
2020-12-11 19:07:35 [ThreadId 19] ERROR phoityne - "error: Variable not in scope: \1072"
2020-12-11 19:07:35 [ThreadId 19] ERROR phoityne - "error: \8226 Variable not in scope: val \8226 Perhaps you meant \8216eval\8217 (line 42)"
2020-12-11 19:07:35 [ThreadId 19] ERROR phoityne - "error: \8226 Found hole: _a :: t Where: \8216t\8217 is a rigid type variable bound by the inferred type of it :: t at <interactive>:1:1 Or perhaps \8216_a\8217 is mis-spelled, or not in scope \8226 In the expression: _a"
2020-12-11 19:07:35 [ThreadId 19] ERROR phoityne - "error: \8226 Found hole: _b :: t Where: \8216t\8217 is a rigid type variable bound by the inferred type of it :: t at <interactive>:1:1 Or perhaps \8216_b\8217 is mis-spelled, or not in scope \8226 In the expression: _b"
2020-12-11 19:07:39 [ThreadId 19] ERROR phoityne - "error: Variable not in scope: path"
2020-12-11 19:07:39 [ThreadId 19] ERROR phoityne - "error: Variable not in scope: name"
2020-12-11 19:07:39 [ThreadId 19] ERROR phoityne - "error: Variable not in scope: f"
2020-12-11 19:07:39 [ThreadId 19] ERROR phoityne - "error: \8226 Variable not in scope: expr \8226 Perhaps you meant \8216exp\8217 (imported from Prelude)"
2020-12-11 19:07:39 [ThreadId 19] ERROR phoityne - "error: \8226 Variable not in scope: env \8226 Perhaps you meant \8216end\8217 (imported from ParserUtils)"
2020-12-11 19:07:39 [ThreadId 19] ERROR phoityne - "error: Variable not in scope: contextVal"
2020-12-11 19:07:39 [ThreadId 19] ERROR phoityne - "error: Variable not in scope: \1072"
2020-12-11 19:07:39 [ThreadId 19] ERROR phoityne - "error: \8226 Variable not in scope: val \8226 Perhaps you meant \8216eval\8217 (line 42)"
2020-12-11 19:07:39 [ThreadId 19] ERROR phoityne - "error: \8226 Found hole: _a :: t Where: \8216t\8217 is a rigid type variable bound by the inferred type of it :: t at <interactive>:1:1 Or perhaps \8216_a\8217 is mis-spelled, or not in scope \8226 In the expression: _a"
2020-12-11 19:07:39 [ThreadId 19] ERROR phoityne - "error: \8226 Found hole: _b :: t Where: \8216t\8217 is a rigid type variable bound by the inferred type of it :: t at <interactive>:1:1 Or perhaps \8216_b\8217 is mis-spelled, or not in scope \8226 In the expression: _b"
2020-12-11 19:07:41 [ThreadId 19] ERROR phoityne - "error: Variable not in scope: path"
2020-12-11 19:07:41 [ThreadId 19] ERROR phoityne - "error: Variable not in scope: name"
2020-12-11 19:07:41 [ThreadId 19] ERROR phoityne - "error: \8226 Variable not in scope: expr \8226 Perhaps you meant \8216exp\8217 (imported from Prelude)"
2020-12-11 19:07:41 [ThreadId 19] ERROR phoityne - "error: Variable not in scope: contextVal"
2020-12-11 19:07:41 [ThreadId 19] ERROR phoityne - "error: Variable not in scope: \1072"
2020-12-11 19:07:41 [ThreadId 19] ERROR phoityne - "error: \8226 Variable not in scope: val \8226 Perhaps you meant \8216eval\8217 (line 42)"
2020-12-11 19:07:41 [ThreadId 19] ERROR phoityne - "error: \8226 Found hole: _a :: t Where: \8216t\8217 is a rigid type variable bound by the inferred type of it :: t at <interactive>:1:1 Or perhaps \8216_a\8217 is mis-spelled, or not in scope \8226 In the expression: _a"
2020-12-11 19:07:41 [ThreadId 19] ERROR phoityne - "error: \8226 Found hole: _b :: t Where: \8216t\8217 is a rigid type variable bound by the inferred type of it :: t at <interactive>:1:1 Or perhaps \8216_b\8217 is mis-spelled, or not in scope \8226 In the expression: _b"
2020-12-11 19:07:42 [ThreadId 19] ERROR phoityne - "error: Variable not in scope: path"
2020-12-11 19:07:42 [ThreadId 19] ERROR phoityne - "error: Variable not in scope: name"
2020-12-11 19:07:42 [ThreadId 19] ERROR phoityne - "error: Variable not in scope: f"
2020-12-11 19:07:42 [ThreadId 19] ERROR phoityne - "error: \8226 Variable not in scope: expr \8226 Perhaps you meant \8216exp\8217 (imported from Prelude)"
2020-12-11 19:07:42 [ThreadId 19] ERROR phoityne - "error: Variable not in scope: contextVal"
2020-12-11 19:07:42 [ThreadId 19] ERROR phoityne - "error: Variable not in scope: \1072"
2020-12-11 19:07:42 [ThreadId 19] ERROR phoityne - "error: \8226 Variable not in scope: val \8226 Perhaps you meant \8216eval\8217 (line 42)"
2020-12-11 19:07:42 [ThreadId 19] ERROR phoityne - "error: \8226 Found hole: _a :: t Where: \8216t\8217 is a rigid type variable bound by the inferred type of it :: t at <interactive>:1:1 Or perhaps \8216_a\8217 is mis-spelled, or not in scope \8226 In the expression: _a"
2020-12-11 19:07:42 [ThreadId 19] ERROR phoityne - "error: \8226 Found hole: _b :: t Where: \8216t\8217 is a rigid type variable bound by the inferred type of it :: t at <interactive>:1:1 Or perhaps \8216_b\8217 is mis-spelled, or not in scope \8226 In the expression: _b"
2020-12-11 19:07:43 [ThreadId 19] ERROR phoityne - "error: Variable not in scope: path"
2020-12-11 19:07:43 [ThreadId 19] ERROR phoityne - "error: Variable not in scope: name"
2020-12-11 19:07:43 [ThreadId 19] ERROR phoityne - "error: Variable not in scope: f"
2020-12-11 19:07:43 [ThreadId 19] ERROR phoityne - "error: \8226 Variable not in scope: expr \8226 Perhaps you meant \8216exp\8217 (imported from Prelude)"
2020-12-11 19:07:43 [ThreadId 19] ERROR phoityne - "error: Variable not in scope: contextVal"
2020-12-11 19:07:43 [ThreadId 19] ERROR phoityne - "error: Variable not in scope: \1072"
2020-12-11 19:07:43 [ThreadId 19] ERROR phoityne - "error: \8226 Variable not in scope: val \8226 Perhaps you meant \8216eval\8217 (line 42)"
2020-12-11 19:07:44 [ThreadId 19] ERROR phoityne - "error: \8226 Found hole: _a :: t Where: \8216t\8217 is a rigid type variable bound by the inferred type of it :: t at <interactive>:1:1 Or perhaps \8216_a\8217 is mis-spelled, or not in scope \8226 In the expression: _a"
2020-12-11 19:07:44 [ThreadId 19] ERROR phoityne - "error: \8226 Found hole: _b :: t Where: \8216t\8217 is a rigid type variable bound by the inferred type of it :: t at <interactive>:1:1 Or perhaps \8216_b\8217 is mis-spelled, or not in scope \8226 In the expression: _b"
2020-12-11 19:07:44 [ThreadId 19] ERROR phoityne - "error: Variable not in scope: path"
2020-12-11 19:07:44 [ThreadId 19] ERROR phoityne - "error: Variable not in scope: name"
2020-12-11 19:07:44 [ThreadId 19] ERROR phoityne - "error: Variable not in scope: f"
2020-12-11 19:07:44 [ThreadId 19] ERROR phoityne - "error: \8226 Variable not in scope: expr \8226 Perhaps you meant \8216exp\8217 (imported from Prelude)"
2020-12-11 19:07:44 [ThreadId 19] ERROR phoityne - "error: Variable not in scope: contextVal"
2020-12-11 19:07:44 [ThreadId 19] ERROR phoityne - "error: Variable not in scope: \1072"
2020-12-11 19:07:44 [ThreadId 19] ERROR phoityne - "error: \8226 Variable not in scope: val \8226 Perhaps you meant \8216eval\8217 (line 42)"
2020-12-11 19:07:44 [ThreadId 19] ERROR phoityne - "error: \8226 Found hole: _a :: t Where: \8216t\8217 is a rigid type variable bound by the inferred type of it :: t at <interactive>:1:1 Or perhaps \8216_a\8217 is mis-spelled, or not in scope \8226 In the expression: _a"
2020-12-11 19:07:44 [ThreadId 19] ERROR phoityne - "error: \8226 Found hole: _b :: t Where: \8216t\8217 is a rigid type variable bound by the inferred type of it :: t at <interactive>:1:1 Or perhaps \8216_b\8217 is mis-spelled, or not in scope \8226 In the expression: _b"
2020-12-11 19:07:46 [ThreadId 19] ERROR phoityne - "error: Variable not in scope: path"
2020-12-11 19:07:46 [ThreadId 19] ERROR phoityne - "error: Variable not in scope: name"
2020-12-11 19:07:46 [ThreadId 19] ERROR phoityne - "error: Variable not in scope: f"
2020-12-11 19:07:46 [ThreadId 19] ERROR phoityne - "error: \8226 Variable not in scope: expr \8226 Perhaps you meant \8216exp\8217 (imported from Prelude)"
2020-12-11 19:07:46 [ThreadId 19] ERROR phoityne - "error: Variable not in scope: contextVal"
2020-12-11 19:07:46 [ThreadId 19] ERROR phoityne - "error: Variable not in scope: \1072"
2020-12-11 19:07:46 [ThreadId 19] ERROR phoityne - "error: \8226 Variable not in scope: val \8226 Perhaps you meant \8216eval\8217 (line 42)"
2020-12-11 19:07:46 [ThreadId 19] ERROR phoityne - "error: \8226 Found hole: _a :: t Where: \8216t\8217 is a rigid type variable bound by the inferred type of it :: t at <interactive>:1:1 Or perhaps \8216_a\8217 is mis-spelled, or not in scope \8226 In the expression: _a"
2020-12-11 19:07:46 [ThreadId 19] ERROR phoityne - "error: \8226 Found hole: _b :: t Where: \8216t\8217 is a rigid type variable bound by the inferred type of it :: t at <interactive>:1:1 Or perhaps \8216_b\8217 is mis-spelled, or not in scope \8226 In the expression: _b"
2020-12-11 19:07:46 [ThreadId 19] ERROR phoityne - "error: Variable not in scope: path"
2020-12-11 19:07:46 [ThreadId 19] ERROR phoityne - "error: Variable not in scope: name"
2020-12-11 19:07:46 [ThreadId 19] ERROR phoityne - "error: Variable not in scope: f"
2020-12-11 19:07:46 [ThreadId 19] ERROR phoityne - "error: \8226 Variable not in scope: expr \8226 Perhaps you meant \8216exp\8217 (imported from Prelude)"
2020-12-11 19:07:46 [ThreadId 19] ERROR phoityne - "error: Variable not in scope: \1072"
2020-12-11 19:07:46 [ThreadId 19] ERROR phoityne - "error: \8226 Variable not in scope: val \8226 Perhaps you meant \8216eval\8217 (line 42)"
2020-12-11 19:07:46 [ThreadId 19] ERROR phoityne - "error: \8226 Found hole: _a :: t Where: \8216t\8217 is a rigid type variable bound by the inferred type of it :: t at <interactive>:1:1 Or perhaps \8216_a\8217 is mis-spelled, or not in scope \8226 In the expression: _a"
2020-12-11 19:07:46 [ThreadId 19] ERROR phoityne - "error: \8226 Found hole: _b :: t Where: \8216t\8217 is a rigid type variable bound by the inferred type of it :: t at <interactive>:1:1 Or perhaps \8216_b\8217 is mis-spelled, or not in scope \8226 In the expression: _b"
2020-12-11 19:41:57 [ThreadId 19] ERROR phoityne - "error: lexical error in string/character literal at end of input"
2020-12-11 19:55:35 [ThreadId 19] ERROR phoityne - "error: \8226 Variable not in scope: no \8226 Perhaps you meant one of these: \8216not\8217 (imported from Prelude), \8216nom\8217 (imported from ParserUtils)"
2020-12-11 19:56:11 [ThreadId 19] ERROR phoityne - "error: Variable not in scope: path"
2020-12-11 19:56:11 [ThreadId 19] ERROR phoityne - "error: Variable not in scope: name"
2020-12-11 19:56:11 [ThreadId 19] ERROR phoityne - "error: Variable not in scope: f"
2020-12-11 19:56:11 [ThreadId 19] ERROR phoityne - "error: \8226 Variable not in scope: expr \8226 Perhaps you meant \8216exp\8217 (imported from Prelude)"
2020-12-11 19:56:11 [ThreadId 19] ERROR phoityne - "error: \8226 Variable not in scope: env \8226 Perhaps you meant \8216end\8217 (imported from ParserUtils)"
2020-12-11 19:56:11 [ThreadId 19] ERROR phoityne - "error: Variable not in scope: contextVal"
2020-12-11 19:56:11 [ThreadId 19] ERROR phoityne - "error: Variable not in scope: \1072"
2020-12-11 19:56:11 [ThreadId 19] ERROR phoityne - "error: \8226 Variable not in scope: val \8226 Perhaps you meant \8216eval\8217 (line 43)"
2020-12-11 19:56:11 [ThreadId 19] ERROR phoityne - "error: \8226 Found hole: _a :: t Where: \8216t\8217 is a rigid type variable bound by the inferred type of it :: t at <interactive>:1:1 Or perhaps \8216_a\8217 is mis-spelled, or not in scope \8226 In the expression: _a"
2020-12-11 19:56:11 [ThreadId 19] ERROR phoityne - "error: \8226 Found hole: _b :: t Where: \8216t\8217 is a rigid type variable bound by the inferred type of it :: t at <interactive>:1:1 Or perhaps \8216_b\8217 is mis-spelled, or not in scope \8226 In the expression: _b"
2020-12-13 23:50:42.313288100000 [$pid(ThreadId 5)] ERROR APP - user error (variable id:11 not found.)
2020-12-13 23:52:54.905429500000 [$pid(ThreadId 5)] ERROR APP - user error (variable id:23 not found.)
2020-12-14 00:08:37.036235500000 [$pid(ThreadId 5)] ERROR APP - user error (variable id:13 not found.)
2020-12-14 00:09:05.218987500000 [$pid(ThreadId 8)] CRITICAL THREAD_MGR - Critical exit started.
2020-12-14 00:09:52.516516100000 [$pid(ThreadId 8)] CRITICAL THREAD_MGR - Critical exit started.
2020-12-14 00:22:53.622900200000 [$pid(ThreadId 5)] ERROR APP - user error (variable id:18 not found.)
2020-12-14 00:23:08.552695000000 [$pid(ThreadId 5)] ERROR APP - user error (variable id:12 not found.)
2020-12-14 00:24:30.088879500000 [$pid(ThreadId 5)] ERROR APP - user error (variable id:25 not found.)
2020-12-14 00:34:59.778483500000 [$pid(ThreadId 5)] ERROR APP - user error (variable id:15 not found.)
